<?xml version="1.0" encoding="UTF-8"?>
<!-- Generated by org.testng.reporters.JUnitXMLReporter -->
<testsuite ignored="0" hostname="us-guests-MacBook-Pro-3.local" failures="6" tests="6" name="Automation" time="279.251" errors="0" timestamp="2020-05-13T10:27:00 CDT">
  <testcase classname="com.example.Parallel02IT" name="@AfterClass afterClass" time="0.001">
    <failure type="java.lang.NoSuchMethodError" message="com.aventstack.extentreports.reporter.ExtentHtmlReporter.loadXMLConfig(Ljava/io/File;)V">
      <![CDATA[java.lang.NoSuchMethodError: com.aventstack.extentreports.reporter.ExtentHtmlReporter.loadXMLConfig(Ljava/io/File;)V
at com.cucumber.listener.Reporter.loadXMLConfig(Reporter.java:66)
at com.example.Parallel02IT.afterClass(Parallel02IT.java:35)
at java.base/java.util.concurrent.ThreadPoolExecutor.runWorker(ThreadPoolExecutor.java:1128)
at java.base/java.util.concurrent.ThreadPoolExecutor$Worker.run(ThreadPoolExecutor.java:628)
at java.base/java.lang.Thread.run(Thread.java:835)
... Removed 10 stack frames]]>
    </failure>
  </testcase> <!-- @AfterClass afterClass -->
  <testcase classname="cucumber.api.testng.AbstractTestNGCucumberTests" name="@AfterClass tearDownClass" time="-1.589383403208E9">
    <skipped/>
  </testcase> <!-- @AfterClass tearDownClass -->
  <testcase classname="com.example.Parallel03IT" name="@AfterClass afterClass" time="0.0">
    <failure type="java.lang.NoSuchMethodError" message="com.aventstack.extentreports.reporter.ExtentHtmlReporter.loadXMLConfig(Ljava/io/File;)V">
      <![CDATA[java.lang.NoSuchMethodError: com.aventstack.extentreports.reporter.ExtentHtmlReporter.loadXMLConfig(Ljava/io/File;)V
at com.cucumber.listener.Reporter.loadXMLConfig(Reporter.java:66)
at com.example.Parallel03IT.afterClass(Parallel03IT.java:35)
at java.base/java.util.concurrent.ThreadPoolExecutor.runWorker(ThreadPoolExecutor.java:1128)
at java.base/java.util.concurrent.ThreadPoolExecutor$Worker.run(ThreadPoolExecutor.java:628)
at java.base/java.lang.Thread.run(Thread.java:835)
... Removed 10 stack frames]]>
    </failure>
  </testcase> <!-- @AfterClass afterClass -->
  <testcase classname="cucumber.api.testng.AbstractTestNGCucumberTests" name="@AfterClass tearDownClass" time="-1.589383446718E9">
    <skipped/>
  </testcase> <!-- @AfterClass tearDownClass -->
  <testcase classname="com.example.Parallel01IT" name="@AfterClass afterClass" time="0.0">
    <failure type="java.lang.NoSuchMethodError" message="com.aventstack.extentreports.reporter.ExtentHtmlReporter.loadXMLConfig(Ljava/io/File;)V">
      <![CDATA[java.lang.NoSuchMethodError: com.aventstack.extentreports.reporter.ExtentHtmlReporter.loadXMLConfig(Ljava/io/File;)V
at com.cucumber.listener.Reporter.loadXMLConfig(Reporter.java:66)
at com.example.Parallel01IT.afterClass(Parallel01IT.java:35)
at java.base/java.util.concurrent.ThreadPoolExecutor.runWorker(ThreadPoolExecutor.java:1128)
at java.base/java.util.concurrent.ThreadPoolExecutor$Worker.run(ThreadPoolExecutor.java:628)
at java.base/java.lang.Thread.run(Thread.java:835)
... Removed 10 stack frames]]>
    </failure>
  </testcase> <!-- @AfterClass afterClass -->
  <testcase classname="cucumber.api.testng.AbstractTestNGCucumberTests" name="@AfterClass tearDownClass" time="-1.589383491525E9">
    <skipped/>
  </testcase> <!-- @AfterClass tearDownClass -->
  <testcase classname="com.example.Parallel05IT" name="@AfterClass afterClass" time="0.002">
    <failure type="java.lang.NoSuchMethodError" message="com.aventstack.extentreports.reporter.ExtentHtmlReporter.loadXMLConfig(Ljava/io/File;)V">
      <![CDATA[java.lang.NoSuchMethodError: com.aventstack.extentreports.reporter.ExtentHtmlReporter.loadXMLConfig(Ljava/io/File;)V
at com.cucumber.listener.Reporter.loadXMLConfig(Reporter.java:66)
at com.example.Parallel05IT.afterClass(Parallel05IT.java:35)
at java.base/java.util.concurrent.ThreadPoolExecutor.runWorker(ThreadPoolExecutor.java:1128)
at java.base/java.util.concurrent.ThreadPoolExecutor$Worker.run(ThreadPoolExecutor.java:628)
at java.base/java.lang.Thread.run(Thread.java:835)
... Removed 10 stack frames]]>
    </failure>
  </testcase> <!-- @AfterClass afterClass -->
  <testcase classname="cucumber.api.testng.AbstractTestNGCucumberTests" name="@AfterClass tearDownClass" time="-1.58938353484E9">
    <skipped/>
  </testcase> <!-- @AfterClass tearDownClass -->
  <testcase classname="com.example.Parallel04IT" name="@AfterClass afterClass" time="0.0">
    <failure type="java.lang.NoSuchMethodError" message="com.aventstack.extentreports.reporter.ExtentHtmlReporter.loadXMLConfig(Ljava/io/File;)V">
      <![CDATA[java.lang.NoSuchMethodError: com.aventstack.extentreports.reporter.ExtentHtmlReporter.loadXMLConfig(Ljava/io/File;)V
at com.cucumber.listener.Reporter.loadXMLConfig(Reporter.java:66)
at com.example.Parallel04IT.afterClass(Parallel04IT.java:35)
at java.base/java.util.concurrent.ThreadPoolExecutor.runWorker(ThreadPoolExecutor.java:1128)
at java.base/java.util.concurrent.ThreadPoolExecutor$Worker.run(ThreadPoolExecutor.java:628)
at java.base/java.lang.Thread.run(Thread.java:835)
... Removed 10 stack frames]]>
    </failure>
  </testcase> <!-- @AfterClass afterClass -->
  <testcase classname="cucumber.api.testng.AbstractTestNGCucumberTests" name="@AfterClass tearDownClass" time="-1.589383575847E9">
    <skipped/>
  </testcase> <!-- @AfterClass tearDownClass -->
  <testcase classname="com.example.Parallel06IT" name="@AfterClass afterClass" time="0.001">
    <failure type="java.lang.NoSuchMethodError" message="com.aventstack.extentreports.reporter.ExtentHtmlReporter.loadXMLConfig(Ljava/io/File;)V">
      <![CDATA[java.lang.NoSuchMethodError: com.aventstack.extentreports.reporter.ExtentHtmlReporter.loadXMLConfig(Ljava/io/File;)V
at com.cucumber.listener.Reporter.loadXMLConfig(Reporter.java:66)
at com.example.Parallel06IT.afterClass(Parallel06IT.java:35)
at java.base/java.util.concurrent.ThreadPoolExecutor.runWorker(ThreadPoolExecutor.java:1128)
at java.base/java.util.concurrent.ThreadPoolExecutor$Worker.run(ThreadPoolExecutor.java:628)
at java.base/java.lang.Thread.run(Thread.java:835)
... Removed 10 stack frames]]>
    </failure>
  </testcase> <!-- @AfterClass afterClass -->
  <testcase classname="cucumber.api.testng.AbstractTestNGCucumberTests" name="@AfterClass tearDownClass" time="-1.589383615688E9">
    <skipped/>
  </testcase> <!-- @AfterClass tearDownClass -->
  <testcase classname="cucumber.api.testng.AbstractTestNGCucumberTests" name="feature" time="66.279">
    <failure type="cucumber.runtime.CucumberException" message="java.lang.Exception: Object Couldn&amp;apos;t be retrieved and verified">
      <![CDATA[cucumber.runtime.CucumberException: java.lang.Exception: Object Couldn't be retrieved and verified
at cucumber.api.testng.TestNGCucumberRunner.runCucumber(TestNGCucumberRunner.java:69)
at cucumber.api.testng.AbstractTestNGCucumberTests.feature(AbstractTestNGCucumberTests.java:21)
at java.base/java.util.concurrent.ThreadPoolExecutor.runWorker(ThreadPoolExecutor.java:1128)
at java.base/java.util.concurrent.ThreadPoolExecutor$Worker.run(ThreadPoolExecutor.java:628)
at java.base/java.lang.Thread.run(Thread.java:835)
Caused by: java.lang.Exception: Object Couldn't be retrieved and verified
at commonUtils.CommonLibrary.isElementPresentVerification(CommonLibrary.java:554)
at Stepdefinition.HomePageStepdefinition.i_should_not_land_on_homescreen(HomePageStepdefinition.java:42)
at ✽.Then I should not land on homescreen(/Users/us-guest/Documents/AdaptiveAutomationFramework/src/test/resources/Features/ParallelDemoFeature/WordpressDemo.feature:31)
... Removed 12 stack frames]]>
    </failure>
  </testcase> <!-- feature -->
  <testcase classname="cucumber.api.testng.AbstractTestNGCucumberTests" name="feature" time="38.441">
    <failure type="cucumber.runtime.CucumberException" message="java.lang.Exception: Object Couldn&amp;apos;t be retrieved and verified">
      <![CDATA[cucumber.runtime.CucumberException: java.lang.Exception: Object Couldn't be retrieved and verified
at cucumber.api.testng.TestNGCucumberRunner.runCucumber(TestNGCucumberRunner.java:69)
at cucumber.api.testng.AbstractTestNGCucumberTests.feature(AbstractTestNGCucumberTests.java:21)
at java.base/java.util.concurrent.ThreadPoolExecutor.runWorker(ThreadPoolExecutor.java:1128)
at java.base/java.util.concurrent.ThreadPoolExecutor$Worker.run(ThreadPoolExecutor.java:628)
at java.base/java.lang.Thread.run(Thread.java:835)
Caused by: java.lang.Exception: Object Couldn't be retrieved and verified
at commonUtils.CommonLibrary.isElementPresentVerification(CommonLibrary.java:554)
at Stepdefinition.HomePageStepdefinition.i_should_land_on_homescreen(HomePageStepdefinition.java:31)
at ✽.Then I should land on homescreen(/Users/us-guest/Documents/AdaptiveAutomationFramework/src/test/resources/Features/ParallelDemoFeature/WordpressDemo.feature:35)
... Removed 12 stack frames]]>
    </failure>
  </testcase> <!-- feature -->
  <testcase classname="cucumber.api.testng.AbstractTestNGCucumberTests" name="feature" time="39.78">
    <failure type="cucumber.runtime.CucumberException" message="java.lang.Exception: Object Couldn&amp;apos;t be retrieved and verified">
      <![CDATA[cucumber.runtime.CucumberException: java.lang.Exception: Object Couldn't be retrieved and verified
at cucumber.api.testng.TestNGCucumberRunner.runCucumber(TestNGCucumberRunner.java:69)
at cucumber.api.testng.AbstractTestNGCucumberTests.feature(AbstractTestNGCucumberTests.java:21)
at java.base/java.util.concurrent.ThreadPoolExecutor.runWorker(ThreadPoolExecutor.java:1128)
at java.base/java.util.concurrent.ThreadPoolExecutor$Worker.run(ThreadPoolExecutor.java:628)
at java.base/java.lang.Thread.run(Thread.java:835)
Caused by: java.lang.Exception: Object Couldn't be retrieved and verified
at commonUtils.CommonLibrary.isElementPresentVerification(CommonLibrary.java:554)
at Stepdefinition.HomePageStepdefinition.i_should_land_on_homescreen(HomePageStepdefinition.java:31)
at ✽.Then I should land on homescreen(/Users/us-guest/Documents/AdaptiveAutomationFramework/src/test/resources/Features/ParallelDemoFeature/WordpressDemo.feature:27)
... Removed 12 stack frames]]>
    </failure>
  </testcase> <!-- feature -->
  <testcase classname="cucumber.api.testng.AbstractTestNGCucumberTests" name="feature" time="38.273">
    <failure type="cucumber.runtime.CucumberException" message="java.lang.Exception: Object Couldn&amp;apos;t be retrieved and verified">
      <![CDATA[cucumber.runtime.CucumberException: java.lang.Exception: Object Couldn't be retrieved and verified
at cucumber.api.testng.TestNGCucumberRunner.runCucumber(TestNGCucumberRunner.java:69)
at cucumber.api.testng.AbstractTestNGCucumberTests.feature(AbstractTestNGCucumberTests.java:21)
at java.base/java.util.concurrent.ThreadPoolExecutor.runWorker(ThreadPoolExecutor.java:1128)
at java.base/java.util.concurrent.ThreadPoolExecutor$Worker.run(ThreadPoolExecutor.java:628)
at java.base/java.lang.Thread.run(Thread.java:835)
Caused by: java.lang.Exception: Object Couldn't be retrieved and verified
at commonUtils.CommonLibrary.isElementPresentVerification(CommonLibrary.java:554)
at Stepdefinition.HomePageStepdefinition.i_should_land_on_homescreen(HomePageStepdefinition.java:31)
at ✽.Then I should land on homescreen(/Users/us-guest/Documents/AdaptiveAutomationFramework/src/test/resources/Features/ParallelDemoFeature/WordpressDemo.feature:47)
... Removed 12 stack frames]]>
    </failure>
  </testcase> <!-- feature -->
  <testcase classname="cucumber.api.testng.AbstractTestNGCucumberTests" name="feature" time="35.983">
    <failure type="cucumber.runtime.CucumberException" message="java.lang.Exception: Object Couldn&amp;apos;t be retrieved and verified">
      <![CDATA[cucumber.runtime.CucumberException: java.lang.Exception: Object Couldn't be retrieved and verified
at cucumber.api.testng.TestNGCucumberRunner.runCucumber(TestNGCucumberRunner.java:69)
at cucumber.api.testng.AbstractTestNGCucumberTests.feature(AbstractTestNGCucumberTests.java:21)
at java.base/java.util.concurrent.ThreadPoolExecutor.runWorker(ThreadPoolExecutor.java:1128)
at java.base/java.util.concurrent.ThreadPoolExecutor$Worker.run(ThreadPoolExecutor.java:628)
at java.base/java.lang.Thread.run(Thread.java:835)
Caused by: java.lang.Exception: Object Couldn't be retrieved and verified
at commonUtils.CommonLibrary.isElementPresentVerification(CommonLibrary.java:554)
at Stepdefinition.HomePageStepdefinition.i_should_land_on_homescreen(HomePageStepdefinition.java:31)
at ✽.Then I should land on homescreen(/Users/us-guest/Documents/AdaptiveAutomationFramework/src/test/resources/Features/ParallelDemoFeature/WordpressDemo.feature:41)
... Removed 12 stack frames]]>
    </failure>
  </testcase> <!-- feature -->
  <testcase classname="cucumber.api.testng.AbstractTestNGCucumberTests" name="feature" time="34.814">
    <failure type="cucumber.runtime.CucumberException" message="java.lang.Exception: Object Couldn&amp;apos;t be retrieved and verified">
      <![CDATA[cucumber.runtime.CucumberException: java.lang.Exception: Object Couldn't be retrieved and verified
at cucumber.api.testng.TestNGCucumberRunner.runCucumber(TestNGCucumberRunner.java:69)
at cucumber.api.testng.AbstractTestNGCucumberTests.feature(AbstractTestNGCucumberTests.java:21)
at java.base/java.util.concurrent.ThreadPoolExecutor.runWorker(ThreadPoolExecutor.java:1128)
at java.base/java.util.concurrent.ThreadPoolExecutor$Worker.run(ThreadPoolExecutor.java:628)
at java.base/java.lang.Thread.run(Thread.java:835)
Caused by: java.lang.Exception: Object Couldn't be retrieved and verified
at commonUtils.CommonLibrary.isElementPresentVerification(CommonLibrary.java:554)
at Stepdefinition.HomePageStepdefinition.i_should_land_on_homescreen(HomePageStepdefinition.java:31)
at ✽.Then I should land on homescreen(/Users/us-guest/Documents/AdaptiveAutomationFramework/src/test/resources/Features/ParallelDemoFeature/WordpressDemo.feature:53)
... Removed 12 stack frames]]>
    </failure>
  </testcase> <!-- feature -->
</testsuite> <!-- Automation -->
